START-OF-FILE
RUNDATE=20100119
FIRMNAME=dl781971
HEADER=yes
REPLYFILENAME=price_cpst.out.enc.gz
COLUMNHEADER=yes
DATEFORMAT=yyyymmdd
PROGRAMFLAG=one-shot
SECID=ISIN
SECMASTER=yes
PROGRAMNAME=getdata


START-OF-FIELDS
# Selected user fields
TICKER
LOCAL_LAST_UPDATE
LOCAL_LAST_DATE
LAST_UPDATE
LAST_UPDATE_DT
CPN
MATURITY
SERIES
NAME
SHORT_NAME
ISSUER_INDUSTRY
CPN_FREQ
CPN_TYP
MTY_TYP
CALC_TYP_DES
MARKET_ISSUE
COUNTRY
CRNCY
COLLAT_TYP
AMT_ISSUED
AMT_OUTSTANDING
MIN_PIECE
MIN_INCREMENT
PAR_AMT
EXCH_CODE
REDEMP_VAL
ANNOUNCE_DT
FIRST_CPN_DT
ISSUE_DT
ISSUE_PX
ID_ISIN
ID_CUSIP
RESET_IDX
PARENT_COMP_NAME
BASIC_SPREAD
INDUSTRY_SECTOR
INDUSTRY_GROUP
SECURITY_DES
SECURITY_TYP
POST_EURO_DAY_CNT_DES
PRE_EURO_DAY_CNT_DES
PREV_CPN_DT
ID_BB_UNIQUE
LONG_COMP_NAME
REDEMP_CRNCY
CPN_CRNCY
STRUCTURED_NOTE
IS_UNIT_TRADED
TRADE_CRNCY
ISSUER
TRADE_STATUS
FINAL_MATURITY
IS_PERPETUAL
EXTENDIBLE
EQY_PRIM_EXCH
EQY_PRIM_EXCH_SHRT
EQY_PRIM_SECURITY_TICKER
EQY_PRIM_SECURITY_PRIM_EXCH
#ID_MIC_PRIM_EXCH
ID_MIC1
INDUSTRY_SUBGROUP
ID_BB_COMPANY
REL_INDEX
ID_SEDOL1
ID_SEDOL2

#Price loader requested fields
CRNCY
LAST_UPDATE
LAST_UPDATE_DT
ID_ISIN
EXCH_CODE
PX_LAST
PX_DIRTY_CLEAN
PX_VOLUME
PX_OPEN
PX_HIGH
PX_LOW

#Coupons
MULTI_CPN_SCHEDULE
DES_NOTES
MULTI_CPN_SCHEDULE_TYP
END-OF-FIELDS

TIMESTARTED=Tue Jan 19 15:56:19 GMT 2010
START-OF-DATA
SECURITIES|ERROR CODE|NUM FLDS|TICKER|LOCAL_LAST_UPDATE|LOCAL_LAST_DATE|LAST_UPDATE|LAST_UPDATE_DT|CPN|MATURITY|SERIES|NAME|SHORT_NAME|ISSUER_INDUSTRY|CPN_FREQ|CPN_TYP|MTY_TYP|CALC_TYP_DES|MARKET_ISSUE|COUNTRY|CRNCY|COLLAT_TYP|AMT_ISSUED|AMT_OUTSTANDING|MIN_PIECE|MIN_INCREMENT|PAR_AMT|EXCH_CODE|REDEMP_VAL|ANNOUNCE_DT|FIRST_CPN_DT|ISSUE_DT|ISSUE_PX|ID_ISIN|ID_CUSIP|RESET_IDX|PARENT_COMP_NAME|BASIC_SPREAD|INDUSTRY_SECTOR|INDUSTRY_GROUP|SECURITY_DES|SECURITY_TYP|POST_EURO_DAY_CNT_DES|PRE_EURO_DAY_CNT_DES|PREV_CPN_DT|ID_BB_UNIQUE|LONG_COMP_NAME|REDEMP_CRNCY|CPN_CRNCY|STRUCTURED_NOTE|IS_UNIT_TRADED|TRADE_CRNCY|ISSUER|TRADE_STATUS|FINAL_MATURITY|IS_PERPETUAL|EXTENDIBLE|EQY_PRIM_EXCH|EQY_PRIM_EXCH_SHRT|EQY_PRIM_SECURITY_TICKER|EQY_PRIM_SECURITY_PRIM_EXCH|ID_MIC1|INDUSTRY_SUBGROUP|ID_BB_COMPANY|REL_INDEX|ID_SEDOL1|ID_SEDOL2|CRNCY|LAST_UPDATE|LAST_UPDATE_DT|ID_ISIN|EXCH_CODE|PX_LAST|PX_DIRTY_CLEAN|PX_VOLUME|PX_OPEN|PX_HIGH|PX_LOW|MULTI_CPN_SCHEDULE|DES_NOTES|MULTI_CPN_SCHEDULE_TYP|
DE0001115269|0|78|BUBILL| | |15:00:01|20100119|0|20100127|011|GERMAN TREASURY BILL|GERMAN T-BILL|GOVT NATIONAL| |ZERO COUPON|AT MATURITY|INTEREST@MTY|EURO-ZONE|GE|EUR|BILLS|5000000000.00|5000000000.00|.0100|.0100|.01|FRANKFURT|100.00000|20090116| |20090128|98.757510|DE0001115269|EH6963050| |Federal Republic of Germany| |Government|Sovereign|BUBILL 0 01/27/10|EURO-ZONE| | | |COEH6963050|German Treasury Bill|EUR|EUR|N|N|EUR|GERMAN TREASURY BILL|Y|20100127|N|N| | | | |XFRA|Sovereign|311524| |B3LBSW0| |EUR|15:00:01|20100119|DE0001115269|FRANKFURT|99.990000|CLEAN| |99.990000|99.990000|99.990000| |=2.2826 BLN RETAINED FOR MKT INTERVENTION.|0|
DE000A0T5X07|0|78|DT| | |20100118|20100118|6.000000|20170120|EMTN|DEUTSCHE TELEKOM INT FIN|DEUTSCHE TEL FIN|TELEPHONE|1|FIXED|AT MATURITY|STREET CONVENTION|EURO MTN|NE|EUR|COMPANY GUARNT|2000000000.00|2000000000.00|1000.0000|1000.0000|1000.00|ALL GERMAN SE|100.00000|20090113|20100120|20090120|99.808000|DE000A0T5X07|EH6872467| |Deutsche Telekom AG| |Communications|Telecommunications|DT 6 01/20/17|EURO MTN| | |20100120|COEH6872467|Deutsche Telekom International Finance BV|EUR|EUR|N|N|EUR|DEUTSCHE TELEKOM INT FIN|Y|20170120|N|N| | | | |YYYY|Telephone-Integrated|301327| |B3L2H48| |EUR|20100118|20100118|DE000A0T5X07|ALL GERMAN SE|111.868630|CLEAN| | | | | |ALSO SPREAD: MID-SWAPS + 265 BP.|0|
FR0010709279|0|78|GSZFP| | |20100118|20100118|5.625000|20160118|EMTN|GDF SUEZ|GDF SUEZ|UTILITY - ELEC|1|FIXED|AT MATURITY|STREET CONVENTION|EURO MTN|FR|EUR|SR UNSECURED|1500000000.00|1500000000.00|1000.0000|1000.0000|1000.00|DUSSELDORF|100.00000|20090107|20100118|20090116| |FR0010709279|EH6804429| | | |Utilities|Electric|GSZFP 5 5/8 01/18/16|EURO MTN| | |20100118|COEH6804429|GDF Suez|EUR|EUR|N|N|EUR|GDF SUEZ|Y|20160118|N|N| | | | |XDUS|Electric-Integrated|156070| |B3KWTV0|B3KXV28|EUR|20100118|20100118|FR0010709279|DUSSELDORF|111.846274|CLEAN| | | | |;2;2;2;5;20100118;2;5.6558;5;20160118;2;5.6250;|LONG 1ST CPN. ALSO SPREAD: MID-SWAPS +215BP. 1ST CPN CASHFLOW=EUR5,655,822      PER NOMINAL EUR1MM.|0|
XS0409318309|0|78|TKA| | |20100118|20100118|6.375000|20160129| |TELEKOM FINANZMANAGEMENT|TELEKOM FINANZ|TELEPHONE|1|FIXED|AT MATURITY|STREET CONVENTION|EURO-ZONE|AS|EUR|COMPANY GUARNT|750000000.00|750000000.00|1000.0000|1000.0000|1000.00|MUNICH|100.00000|20090119|20100129|20090129|99.238000|XS0409318309|EH6954083| |Telekom Austria AG| |Communications|Telecommunications|TKA 6 3/8 01/29/16|EURO-ZONE| | |20090129|COEH6954083|Telekom Finanzmanagement GmbH|EUR|EUR|N|N|EUR|TELEKOM FINANZMANAGEMENT|Y|20160129|N|N| | | | |XMUN|Telephone-Integrated|8220199| |B3L7DX4| |EUR|20100118|20100118|XS0409318309|MUNICH|111.906084|CLEAN| | | | | |ALSO SPREAD: MID-RATE SWAPS + 325BP.|0|
XS0408095387|0|78|EOANGR| | |20100118|20100118|5.500000|20160119|EMTN|E.ON INTL FINANCE BV|E.ON INTL FIN BV|UTILITY - ELEC|1|FIXED|AT MATURITY|STREET CONVENTION|EURO MTN|NE|EUR|COMPANY GUARNT|1500000000.00|1500000000.00|1000.0000|1000.0000|1000.00|ALL GERMAN SE|100.00000|20090107|20100119|20090119|99.547000|XS0408095387|EH6792459| |E.ON AG| |Utilities|Electric|EOANGR 5 1/2 01/19/16|EURO MTN| | |20100119|COEH6792459|E.ON International Finance BV|EUR|EUR|N|N|EUR|E.ON INTL FINANCE BV|Y|20160119|N|N| | | | |YYYY|Electric-Integrated|7025109| |B3KWMV1| |EUR|20100118|20100118|XS0408095387|ALL GERMAN SE|111.256459|CLEAN| | | | | |ALSO SPREAD: MID-SWAPS + 205BP.|0|
XS0410258833|0|78|TELEFO| | |20100118|20100118|5.431000|20140203|EMTN|TELEFONICA EMISIONES SAU|TELEFONICA EMIS|TELEPHONE|1|FIXED|AT MATURITY|STREET CONVENTION|EURO MTN|SP|EUR|COMPANY GUARNT|2000000000.00|2000000000.00|50000.0000|50000.0000|50000.00|LONDON|100.00000|20090120|20100203|20090203|100.000000|XS0410258833|EH6970014| |Telefonica SA| |Communications|Telecommunications|TELEFO 5.431 02/03/14|EURO MTN| | |20090203|COEH6970014|Telefonica Emisiones SAU|EUR|EUR|N|N|EUR|TELEFONICA EMISIONES SAU|Y|20140203|N|N| | | | |XLON|Telephone-Integrated|9455620| |B3L8371|B00DF25|EUR|20100118|20100118|XS0410258833|LONDON|108.680381|CLEAN| | | | | |ALSO SPREAD: 250 BP MORE THAN MID-RATE SWAPS.|0|
XS0411602765|0|78|TOYOTA| | |20100118|20100118|6.625000|20160203|EMTN|TOYOTA MOTOR CREDIT CORP|TOYOTA MTR CRED|FINANCIAL|1|FIXED|AT MATURITY|STREET CONVENTION|EURO MTN|US|EUR|SR UNSECURED|1250000000.00|1250000000.00|1000.0000|1000.0000|1000.00|LONDON|100.00000|20090127|20100203|20090203|101.174000|XS0411602765|EH7043787| |Toyota Financial Services Amer| |Financial|Diversified Finan Serv|TOYOTA 6 5/8 02/03/16|EURO MTN| | |20090203|COEH7043787|Toyota Motor Credit Corp|EUR|EUR|N|N|EUR|TOYOTA MOTOR CREDIT CORP|Y|20160203|N|N| | | | |XLON|Finance-Auto Loans|159329| |B48B5K7|B00DF36|EUR|20100118|20100118|XS0411602765|LONDON|116.987509|CLEAN| | | | | |ALSO SPREAD: MID-SWAPS + 325 BP.|0|
PTCG1LOM0007|0|78|CXGD| | |20100118|20100118|5.125000|20140219|EMTN|CAIXA GERAL DE DEPOSITOS|CAIXA GERAL DEPO|BANK|1|FIXED|AT MATURITY|STREET CONVENTION|EURO MTN|PO|EUR|SR UNSECURED|1250000000.00|1250000000.00|50000.0000|50000.0000|50000.00|FRANKFURT|100.00000|20090210|20100219|20090219| |PTCG1LOM0007|EH7206467| | | |Financial|Banks|CXGD 5 1/8 02/19/14|EURO MTN| | |20090219|COEH7206467|Caixa Geral de Depositos SA|EUR|EUR|N|N|EUR|CAIXA GERAL DE DEPOSITOS|Y|20140219|N|N| | | | |XFRA|Commer Banks Non-US|153201| |B523ZT5| |EUR|20100118|20100118|PTCG1LOM0007|FRANKFURT|106.884850|CLEAN| | | | | |ALSO SPREAD: MID-RATE SWAPS+225BP.|0|
ES0L01001228|0|78|SGLT| | |15:00:01|20100119|0|20100122|12MO|SPAIN LETRAS DEL TESORO|LETRAS|GOVT NATIONAL| |ZERO COUPON|AT MATURITY|SPANISH T-BILLS|EURO-ZONE|SP|EUR|BILLS|9750300000.00|9750300000.00|1000.0000|1000.0000|1000.00|MADRID|100.00000|20090120| |20090121|98.596000|ES0L01001228|EH6961971| |Kingdom of Spain| |Government|Sovereign|SGLT 0 01/22/10|EURO-ZONE| | | |COEH6961971|Spain Letras del Tesoro|EUR|EUR|N|N|EUR|SPAIN LETRAS DEL TESORO|Y|20100122|N|N| | | | |XMAD|Sovereign|311682| |B5MZVB5| |EUR|15:00:01|20100119|ES0L01001228|MADRID|100.000000|CLEAN| |100.000000|100.000000|100.000000| |AVG YLD 0.481%.|0|
ES00000121L2|0|78|SPGB| | |15:56:00|20100119|4.600000|20190730| |BONOS Y OBLIG DEL ESTADO|SPANISH GOV'T|GOVT NATIONAL|1|FIXED|AT MATURITY|SPAIN:GOVT BONDS|EURO-ZONE|SP|EUR|SR UNSUB|12665200000|12665200000|1000.0000|1000.0000|1000.00|MADRID|100.00000|20090203|20090730|20090210| |ES00000121L2|EH7111402| |Kingdom of Spain| |Government|Sovereign|SPGB 4.6 07/30/19|EURO-ZONE| | |20090730|COEH7111402|Spain Government Bond|EUR|EUR|N|N|EUR|BONOS Y OBLIG DEL ESTADO|Y|20190730|N|N| | | | |XMAD|Sovereign|218013| |B4W9FW9| |EUR|15:56:00|20100119|ES00000121L2|MADRID|104.850000|CLEAN| |105.290000|105.300000|104.760000| |ALSO SPREAD:MID-SWAPS + 90BP. SHORT 1ST CPN.|0|
ES0358883009|0|78|MADAC| | |N.A.|N.A.|1.214000|20360614| |MADAC 2009-3 A|MADAC 2009-3 A| |4|FLOATING| | | |ES|EUR|CF-CLO| |904928239.80|50000|50000|1320750000.00| | | |20090615|20090116|100.000000|ES0358883009|BCC16N9C6|EUR003M|N.A.|0.500|Asset Backed Securities|Other ABS|MADAC 2009-3 A|CF| | |20091214|MG!!016N9C|Madrid Activos Corporativos FTA| | | | | |MADRID ACTIVOS CORPORATIVOS| | | | | | | | |XDRF|Other ABS|14652870| | | |EUR|N.A.|N.A.|ES0358883009| |N.A.| | | | | | | | |
ES0312298211|0|78|AYTCED| | |N.A.|N.A.|3.500000|20120217|EMTN|AYT CEDULAS CAJAS XXII|AYT CEDULAS CAJA|SPECIAL PURPOSE|1|FIXED|AT MATURITY|SPAIN:ANNUAL YIELD|EURO MTN|SP|EUR|COVERED|2323000000.00|2323000000.00|100000.0000|100000.0000|100000.00|AIAF|100.00000|20090130|20100217|20090202| |ES0312298211|EH7093352| | | |Financial|Diversified Finan Serv|AYTCED 3 1/2 02/17/12|EURO MTN| | |20090217|COEH7093352|AyT Cedulas Cajas XXII Fondo de Titulizacion de Activos|EUR|EUR|N|N|EUR|AYT CEDULAS CAJAS XXII|Y|20120217|N|N| | | | |XDRF|Special Purpose Entity|15611987| |B4WXJ41| |EUR|N.A.|N.A.|ES0312298211|AIAF|N.A.|CLEAN| | | | | |CEDULAS HIPOTECARIAS. SEC'D BY MORTGAGES. SERIES XXII.|0|
ES0313679450|0|78|BKTSM| | |20100118|20100118|3.000000|20120224| |BANKINTER SA|BANKINTER SA|BANK|1|FIXED|AT MATURITY|STREET CONVENTION|EURO-ZONE|SP|EUR|GOVT LIQUID GTD|1500000000.00|1500000000.00|100000.0000|100000.0000|100000.00|MADRID|100.00000|20090218|20100224|20090224| |ES0313679450|EH7300773| | | |Financial|Banks|BKTSM 3 02/24/12|EURO-ZONE| | |20090224|COEH7300773|Bankinter SA|EUR|EUR|N|N|EUR|BANKINTER SA|Y|20120224|N|N| | | | |XMAD|Commer Banks Non-US|127039| |B5BVJF4| |EUR|20100118|20100118|ES0313679450|MADRID|102.081490|CLEAN| | | | | |MID-RATE SWAP+76BP.|0|
ES0314950447|0|78|CAJAMM| | |15:56:22|20100119|3.650000|20100728| |CAJA MADRID|CAJA MADRID|BANK|1|FIXED|AT MATURITY|STREET CONVENTION|EURO-ZONE|SP|EUR|BONDS|311000000.00|311000000.00|50000.0000|50000.0000|50000.00|AIAF|100.00000|20090114|20090728|20090128|100.000000|ES0314950447|EH6994287| | | |Financial|Banks|CAJAMM 3.65 07/28/10|EURO-ZONE| | |20090728|COEH6994287|Caja de Ahorros y Monte de Piedad de Madrid|EUR|EUR|N|N|EUR|CAJA MADRID|Y|20100728|N|N| | | | |XDRF|Commer Banks Non-US|179820| |B626RJ5| |EUR|15:56:22|20100119|ES0314950447|AIAF|100.977357|CLEAN| | | | | |SHORT FIRST CPN.|0|
ES0314950454|0|78|CAJAMM| | |20100118|20100118|3.125000|20120220| |CAJA MADRID|CAJA MADRID|BANK|1|FIXED|AT MATURITY|STREET CONVENTION|EURO-ZONE|SP|EUR|GOVT LIQUID GTD|2000000000.00|2000000000.00|50000.0000|50000.0000|50000.00|AIAF|100.00000|20090211|20100220|20090220|99.673000|ES0314950454|EH7214438| | | |Financial|Banks|CAJAMM 3 1/8 02/20/12|EURO-ZONE| | |20090220|COEH7214438|Caja de Ahorros y Monte de Piedad de Madrid|EUR|EUR|N|N|EUR|CAJA MADRID|Y|20120220|N|N| | | | |XDRF|Commer Banks Non-US|179820| |B523Z95| |EUR|20100118|20100118|ES0314950454|AIAF|102.333180|CLEAN| | | | | |MS +78BP.|0|
ES0414950768|0|78|CAJAMM| | |15:56:22|20100119|3.500000|20120217| |CAJA MADRID|CAJA MADRID|BANK|1|FIXED|AT MATURITY|STREET CONVENTION|EURO-ZONE|SP|EUR|COVERED|532900000.00|532900000.00|100000.0000|100000.0000|100000.00|AIAF|100.00000|20090217|20100217|20090217|99.891000|ES0414950768|EI0824603| | | |Financial|Banks|CAJAMM 3 1/2 02/17/12|EURO-ZONE| | |20090217|COEI0824603|Caja de Ahorros y Monte de Piedad de Madrid|EUR|EUR|N|N|EUR|CAJA MADRID|Y|20120217|N|N| | | | |XDRF|Commer Banks Non-US|179820| | | |EUR|15:56:22|20100119|ES0414950768|AIAF|102.863203|CLEAN| | | | | |CEDULAS HIPOTECARIAS.|0|
BE0000315243|0|78|BGB| | |15:55:00|20100119|4.000000|20190328|55|BELGIUM KINGDOM|BELGIAN 0315|GOVT NATIONAL|1|FIXED|AT MATURITY|STREET CONVENTION|EURO-ZONE|BE|EUR|BONDS|10212000000|10212000000|.0100|.0100|.01|EURONEXT-BRUSS|100.00000|20090114|20090328|20090121|98.819000|BE0000315243|EH6885329| |Kingdom of Belgium| |Government|Sovereign|BGB 4 03/28/19|EURO-ZONE| | |20090328|COEH6885329|Belgium Government Bond|EUR|EUR|N|N|EUR|BELGIUM KINGDOM|Y|20190328|N|N| | | | |XBRU|Sovereign|311449| |B3L3GJ9| |EUR|15:55:00|20100119|BE0000315243|EURONEXT-BRUSS|102.690000|CLEAN| |102.860000|102.940000|102.490000| |ALSO SPREAD: MID-SWAPS +50BP. SHORT 1ST CPN.|0|
DE0001115269|0|78|BUBILL| | |15:00:01|20100119|0|20100127|011|GERMAN TREASURY BILL|GERMAN T-BILL|GOVT NATIONAL| |ZERO COUPON|AT MATURITY|INTEREST@MTY|EURO-ZONE|GE|EUR|BILLS|5000000000.00|5000000000.00|.0100|.0100|.01|FRANKFURT|100.00000|20090116| |20090128|98.757510|DE0001115269|EH6963050| |Federal Republic of Germany| |Government|Sovereign|BUBILL 0 01/27/10|EURO-ZONE| | | |COEH6963050|German Treasury Bill|EUR|EUR|N|N|EUR|GERMAN TREASURY BILL|Y|20100127|N|N| | | | |XFRA|Sovereign|311524| |B3LBSW0| |EUR|15:00:01|20100119|DE0001115269|FRANKFURT|99.990000|CLEAN| |99.990000|99.990000|99.990000| |=2.2826 BLN RETAINED FOR MKT INTERVENTION.|0|
ES00000121L2|0|78|SPGB| | |15:56:00|20100119|4.600000|20190730| |BONOS Y OBLIG DEL ESTADO|SPANISH GOV'T|GOVT NATIONAL|1|FIXED|AT MATURITY|SPAIN:GOVT BONDS|EURO-ZONE|SP|EUR|SR UNSUB|12665200000|12665200000|1000.0000|1000.0000|1000.00|MADRID|100.00000|20090203|20090730|20090210| |ES00000121L2|EH7111402| |Kingdom of Spain| |Government|Sovereign|SPGB 4.6 07/30/19|EURO-ZONE| | |20090730|COEH7111402|Spain Government Bond|EUR|EUR|N|N|EUR|BONOS Y OBLIG DEL ESTADO|Y|20190730|N|N| | | | |XMAD|Sovereign|218013| |B4W9FW9| |EUR|15:56:00|20100119|ES00000121L2|MADRID|104.850000|CLEAN| |105.290000|105.300000|104.760000| |ALSO SPREAD:MID-SWAPS + 90BP. SHORT 1ST CPN.|0|
ES0000101339|0|78|MADRID| | |15:56:22|20100119|4.305000|20140306|EMTN|COMUNIDAD DE MADRID|COMUNIDAD MADRID|GOVT REGIONAL|1|FIXED|AT MATURITY|STREET CONVENTION|EURO MTN|SP|EUR|NOTES|350000000.00|350000000.00|1000.0000|1000.0000|1000.00|MADRID|100.00000|20090225|20100306|20090306| |ES0000101339|EH7383886| | | |Government|Municipal|MADRID 4.305 03/06/14|EURO MTN| | |20090306|COEH7383886|Autonomous Community of Madrid Spain|EUR|EUR|N|N|EUR|COMUNIDAD DE MADRID|Y|20140306|N|N| | | | |XMAD|Municipal-County|388277| |B60SLZ7| |EUR|15:56:22|20100119|ES0000101339|MADRID|107.312054|CLEAN| | | | | |ALSO SPREAD: MS + 160BP.|0|
NL0009086115|0|78|NETHER| | |15:56:00|20100119|4.000000|20190715| |NETHERLANDS GOVERNMENT|NETHERLANDS GOVT|GOVT NATIONAL|1|FIXED|AT MATURITY|STREET CONVENTION|EURO-ZONE|NE|EUR|BONDS|13006398000|13006398000|1.0000|1.0000|1.00|EURONEXT-AMSTER|100.00000|20090122|20090715|20090213|99.070000|NL0009086115|EH6998361| |Kingdom of the Netherlands| |Government|Sovereign|NETHER 4 07/15/19|EURO-ZONE| | |20090715|COEH6998361|Netherlands Government Bond|EUR|EUR|N|N|EUR|NETHERLANDS GOVERNMENT|Y|20190715|N|N| | | | |XAMS|Sovereign|311604| |B4YDZT6| |EUR|15:56:00|20100119|NL0009086115|EURONEXT-AMSTER|104.210000|CLEAN| |104.480000|104.530000|104.080000| |AVG YLD=4.114%. SHORT 1ST CPN.|0|
XS0408730157|0|78|BMW| | |20100118|20100118|6.375000|20120723|EMTN|BMW US CAPITAL LLC|BMW US CAP LLC|INDUSTRIAL|1|FIXED|AT MATURITY|STREET CONVENTION|EURO MTN|US|EUR|COMPANY GUARNT|1500000000.00|1500000000.00|1000.0000|1000.0000|1000.00|ALL GERMAN SE|100.00000|20090112|20090723|20090123|99.796000|XS0408730157|EH6853301| |Bayerische Motoren Werke AG| |Consumer, Cyclical|Auto Manufacturers|BMW 6 3/8 07/23/12|EURO MTN| | |20090723|COEH6853301|BMW US Capital LLC|EUR|EUR|N|N|EUR|BMW US CAPITAL LLC|Y|20120723|N|N| | | | |YYYY|Auto-Cars/Light Trucks|201366| |B3L0J79| |EUR|20100118|20100118|XS0408730157|ALL GERMAN SE|108.807554|CLEAN| | | | | |SHORT FIRST CPN. ALSO SPREAD: MID-SWAPS + 370 BP.|0|
XS0411044653|0|78|ENIIM| | |20100118|20100118|5.000000|20160128|EMTN|ENI SPA|ENI SPA|INDUSTRIAL|1|FIXED|AT MATURITY|STREET CONVENTION|EURO MTN|IT|EUR|SR UNSECURED|1500000000.00|1500000000.00|50000.0000|50000.0000|50000.00|LUXEMBOURG|100.00000|20090122|20100128|20090128|99.337000|XS0411044653|EH7001728| | | |Energy|Oil&Gas|ENIIM 5 01/28/16|EURO MTN| | |20090128|COEH7001728|ENI SpA|EUR|EUR|N|N|EUR|ENI SPA|Y|20160128|N|N| | | | |XLUX|Oil Comp-Integrated|143031| |B3LBJD8| |EUR|20100118|20100118|XS0411044653|LUXEMBOURG|108.976826|CLEAN| | | | | |ALSO SPREAD: MID-RATE SWAPS + 185BP.|0|
XS0416150950|0|78|SPAIN| | |15:55:30|20100119|2.750000|20120305|EMTN|KINGDOM OF SPAIN|SPAIN KINGDOM|GOVT NATIONAL|1|FIXED|AT MATURITY|STREET CONVENTION|EURO MTN|SP|USD|SR UNSECURED|1000000000.00|1000000000.00|1000.0000|1000.0000|1000.00|FRANKFURT|100.00000|20090225|20100305|20090305| |XS0416150950|EH7383688| |Kingdom of Spain| |Government|Sovereign|SPAIN 2 3/4 03/05/12|EURO MTN| | |20090305|COEH7383688|Spain Government International Bond|USD|USD|N|N|USD|KINGDOM OF SPAIN|Y|20120305|N|N| | | | |XFRA|Sovereign|311681| |B60S8V2| |USD|15:55:30|20100119|XS0416150950|FRANKFURT|102.550000|CLEAN| |102.590000|102.690000|102.500000| |SPREAD ABOUT 70BPS OVER MID-RATE SWAPS.|0|
END-OF-DATA
TIMEFINISHED=Tue Jan 19 15:56:23 GMT 2010
END-OF-FILE
