START-OF-FILE
RUNDATE=20100119
PROGRAMFLAG=oneshot
FIRMNAME=*****
SN=******
WS=*
USERNUMBER=*****
FILETYPE=pc
REPLYFILENAME=coupon_data2.out
SECMASTER=yes
PROGRAMNAME=getdata

# Automatically generated by Bloomberg Data License Request Builder version 5.0.17
# Build Code: 000100000100000006

START-OF-FIELDS
CPN
CPN_TYP
MULTI_CPN_SCHEDULE
MULTI_CPN_SCHEDULE_TYP
DES_NOTES
END-OF-FIELDS

TIMESTARTED=Tue Jan 19 05:57:47 EST 2010
START-OF-DATA
ES0314958044 Corp|0|5|6.000000|VARIABLE|;2;5;2;5;06/04/2010;2;60000.0000;5;09/04/2010;2;4937.5000;5;12/04/2010;2;4937.5000;5;03/04/2011;2;4937.5000;5;06/04/2011;2;4937.5000;|2|CPN RATE= 6% TO 06/10(ANNLY, ACT/ACT); THEREAFTER 3M EURIBOR+130BPS             (QUARTERLY ACT/360).|
END-OF-DATA
TIMEFINISHED=Tue Jan 19 05:57:49 EST 2010
END-OF-FILE
