START-OF-FILE
RUNDATE=20100204
FIRMNAME=dl781971
HEADER=yes
REPLYFILENAME=coupons.out.enc.gz
COLUMNHEADER=yes
DATEFORMAT=yyyymmdd
PROGRAMFLAG=one-shot
SECID=ISIN
SECMASTER=yes
PROGRAMNAME=getdata


START-OF-FIELDS
# Coupons
CP_GROSS_AMT
CP_NET_AMT
CP_TAX_RT
NAME
CRNCY
ID_ISIN
CP_ID_BB_COMP
CP_DVD_TYP
CP_PAY_DT
CP_PAY_DT
ANNOUNCE_DT
CP_RECORD_DT
# Selected user fields
TICKER
LOCAL_LAST_UPDATE
LOCAL_LAST_DATE
LAST_UPDATE
LAST_UPDATE_DT
CPN
MATURITY
SERIES
NAME
SHORT_NAME
ISSUER_INDUSTRY
CPN_FREQ
CPN_TYP
MTY_TYP
CALC_TYP_DES
MARKET_ISSUE
COUNTRY
CRNCY
COLLAT_TYP
AMT_ISSUED
AMT_OUTSTANDING
MIN_PIECE
MIN_INCREMENT
PAR_AMT
EXCH_CODE
REDEMP_VAL
ANNOUNCE_DT
FIRST_CPN_DT
ISSUE_DT
ISSUE_PX
ID_ISIN
ID_CUSIP
RESET_IDX
PARENT_COMP_NAME
BASIC_SPREAD
INDUSTRY_SECTOR
INDUSTRY_GROUP
SECURITY_DES
SECURITY_TYP
POST_EURO_DAY_CNT_DES
PRE_EURO_DAY_CNT_DES
PREV_CPN_DT
ID_BB_UNIQUE
LONG_COMP_NAME
REDEMP_CRNCY
CPN_CRNCY
STRUCTURED_NOTE
IS_UNIT_TRADED
TRADE_CRNCY
ISSUER
TRADE_STATUS
FINAL_MATURITY
IS_PERPETUAL
EXTENDIBLE
EQY_PRIM_EXCH
EQY_PRIM_EXCH_SHRT
EQY_PRIM_SECURITY_TICKER
EQY_PRIM_SECURITY_PRIM_EXCH
ID_MIC1
INDUSTRY_SUBGROUP
ID_BB_COMPANY
REL_INDEX
ID_SEDOL1
ID_SEDOL2

#Price loader requested fields
CRNCY
LAST_UPDATE
LAST_UPDATE_DT
ID_ISIN
EXCH_CODE
PX_LAST
PX_DIRTY_CLEAN
PX_VOLUME
PX_OPEN
PX_HIGH
PX_LOW
END-OF-FIELDS

TIMESTARTED=Thu Feb  4 10:29:11 GMT 2010
START-OF-DATA
SECURITIES|ERROR CODE|NUM FLDS|CP_GROSS_AMT|CP_NET_AMT|CP_TAX_RT|NAME|CRNCY|ID_ISIN|CP_ID_BB_COMP|CP_DVD_TYP|CP_PAY_DT|CP_PAY_DT|ANNOUNCE_DT|CP_RECORD_DT|TICKER|LOCAL_LAST_UPDATE|LOCAL_LAST_DATE|LAST_UPDATE|LAST_UPDATE_DT|CPN|MATURITY|SERIES|NAME|SHORT_NAME|ISSUER_INDUSTRY|CPN_FREQ|CPN_TYP|MTY_TYP|CALC_TYP_DES|MARKET_ISSUE|COUNTRY|CRNCY|COLLAT_TYP|AMT_ISSUED|AMT_OUTSTANDING|MIN_PIECE|MIN_INCREMENT|PAR_AMT|EXCH_CODE|REDEMP_VAL|ANNOUNCE_DT|FIRST_CPN_DT|ISSUE_DT|ISSUE_PX|ID_ISIN|ID_CUSIP|RESET_IDX|PARENT_COMP_NAME|BASIC_SPREAD|INDUSTRY_SECTOR|INDUSTRY_GROUP|SECURITY_DES|SECURITY_TYP|POST_EURO_DAY_CNT_DES|PRE_EURO_DAY_CNT_DES|PREV_CPN_DT|ID_BB_UNIQUE|LONG_COMP_NAME|REDEMP_CRNCY|CPN_CRNCY|STRUCTURED_NOTE|IS_UNIT_TRADED|TRADE_CRNCY|ISSUER|TRADE_STATUS|FINAL_MATURITY|IS_PERPETUAL|EXTENDIBLE|EQY_PRIM_EXCH|EQY_PRIM_EXCH_SHRT|EQY_PRIM_SECURITY_TICKER|EQY_PRIM_SECURITY_PRIM_EXCH|ID_MIC1|INDUSTRY_SUBGROUP|ID_BB_COMPANY|REL_INDEX|ID_SEDOL1|ID_SEDOL2|CRNCY|LAST_UPDATE|LAST_UPDATE_DT|ID_ISIN|EXCH_CODE|PX_LAST|PX_DIRTY_CLEAN|PX_VOLUME|PX_OPEN|PX_HIGH|PX_LOW|
XS0106768608|0|87| | | |FED REPUBLIC OF BRAZIL|EUR|XS0106768608| | | | |20000114| |BRAZIL| | |20100113|20100113|11.000000|20100204| |FED REPUBLIC OF BRAZIL|BRAZIL REP OF|GOVT NATIONAL|1|FIXED|AT MATURITY|STREET CONVENTION|EURO NON-DOLLAR|BZ|EUR|SR UNSECURED|750000000.00|602190000.00|1000.0000|1000.0000|1000.00|SIX|100.00000|20000114|20010204|20000204|98.540000|XS0106768608|EC2171303| |Federative Republic of Brazil| |Government|Sovereign|BRAZIL 11 02/04/10|EURO NON-DOLLAR| | |20090204|COEC2171303|Brazilian Government International Bond|EUR|EUR|N|N|EUR|FED REPUBLIC OF BRAZIL|Y|20100204|N|N| | | | |XSWX|Sovereign|311457| |5872732|B2PDGD2|EUR|20100113|20100113|XS0106768608|SIX|101.280000|CLEAN|N.A.|N.A.|N.A.|N.A.|
ES0382041012|0|87| | | |SANTM 1 A2|EUR|ES0382041012| | | | | | |SANTM| | |N.A.|N.A.|.785000|20381104| |SANTM 1 A2|SANTM 1 A2| |4|FLOATING| | | |ES|EUR|CF-CLO-SME| |323360132.00|100000|100000|1240000000.00| | | |20060206|20051031|100.000000|ES0382041012|BCC0M3L89|EUR003M|Banco Santander SA|0.120|Asset Backed Securities|Other ABS|SANTM 1 A2|CF| | |20100204|MG!!00M3L8|FTA Santander Empresas| | | | | |FTA SANTANDER EMPRESAS 1| | | | | | | | |XDRF|Other ABS|10099486| |B0PB5L3| |EUR|N.A.|N.A.|ES0382041012| |N.A.| | | | | |
FR0010161026|0|87| | | |CREDIT AGRICOLE SA|EUR|FR0010161026| | | | |20050125| |ACAFP| | |20100203|20100203|3.450000| | |CREDIT AGRICOLE SA|CREDIT AGRICOLE|BANK|1|VARIABLE|PERP/CALL|FLOAT RATE NOTE|EURO-ZONE|FR|EUR|JR SUBORDINATED|600000000.00|600000000.00|1000.0000|1000.0000|1000.00|EURONEXT-AMSTER|100.00000|20050125|20060204|20050204|100.000000|FR0010161026|ED7928192|EIISDA10|SAS Rue La Boetie|.02500|Financial|Banks|ACAFP 0 02/28/49|EURO-ZONE| | |20100204|COED7928192|Credit Agricole SA|EUR|EUR|Y|N|EUR|CREDIT AGRICOLE SA|Y|20490228|Y|N| | | | |XAMS|Diversified Banking Inst|7365323| |B05Q637| |EUR|20100203|20100203|FR0010161026|EURONEXT-AMSTER|63.625000|CLEAN| | | | |
FR0010720045|0|87| | | |ACCOR SA|EUR|FR0010720045| | | | |20090128| |ACCOR| | |20100203|20100203|7.500000|20140204| |ACCOR SA|ACCOR|INDUSTRIAL|1|FIXED|AT MATURITY|STREET CONVENTION|EURO-ZONE|FR|EUR|SR UNSECURED|600000000.00|600000000.00|50000.0000|50000.0000|50000.00|DUSSELDORF|100.00000|20090128|20100204|20090204| |FR0010720045|EH7055435| | | |Consumer, Cyclical|Lodging|ACCOR 7 1/2 02/04/14|EURO-ZONE| | |20100204|COEH7055435|Accor SA|EUR|EUR|N|N|EUR|ACCOR SA|Y|20140204|N|N| | | | |XDUS|Hotels&Motels|115227| |B4DP5Y8| |EUR|20100203|20100203|FR0010720045|DUSSELDORF|112.235765|CLEAN| | | | |
XS0106768608|0|87| | | |FED REPUBLIC OF BRAZIL|EUR|XS0106768608| | | | |20000114| |BRAZIL| | |20100113|20100113|11.000000|20100204| |FED REPUBLIC OF BRAZIL|BRAZIL REP OF|GOVT NATIONAL|1|FIXED|AT MATURITY|STREET CONVENTION|EURO NON-DOLLAR|BZ|EUR|SR UNSECURED|750000000.00|602190000.00|1000.0000|1000.0000|1000.00|SIX|100.00000|20000114|20010204|20000204|98.540000|XS0106768608|EC2171303| |Federative Republic of Brazil| |Government|Sovereign|BRAZIL 11 02/04/10|EURO NON-DOLLAR| | |20090204|COEC2171303|Brazilian Government International Bond|EUR|EUR|N|N|EUR|FED REPUBLIC OF BRAZIL|Y|20100204|N|N| | | | |XSWX|Sovereign|311457| |5872732|B2PDGD2|EUR|20100113|20100113|XS0106768608|SIX|101.280000|CLEAN|N.A.|N.A.|N.A.|N.A.|
XS0203880991|0|87| | | |NATIXIS|EUR|XS0203880991| | | | |20041014| |KNFP| | |20100203|20100203|.965000|20161104|EMTN|NATIXIS|NATEX BQUES POP|BANK|4|FLOATING|CALLABLE|FLOAT RATE NOTE|EURO MTN|FR|EUR|SR SUB NOTES|450000000.00|450000000.00|1000.0000|1000.0000|1000.00|LUXEMBOURG|100.00000|20041014|20050204|20041104|99.740000|XS0203880991|ED6544453|EUR003M|BPCE SA|.30000|Financial|Banks|KNFP 0 11/04/16|EURO MTN| | |20100204|COED6544453|Natixis|EUR|EUR|Y|N|EUR|NATIXIS|Y|20161104|N|N| | | | |XLUX|Diversified Banking Inst|115333| |B1CL9P5|B039QX8|EUR|20100203|20100203|XS0203880991|LUXEMBOURG|92.528268|CLEAN| | | | |
XS0242988177|0|87| | | |GOLDMAN SACHS GROUP INC|EUR|XS0242988177| | | | |20060126| |GS| | |20100203|20100203|.965000|20130204| |GOLDMAN SACHS GROUP INC|GOLDMAN SACHS GP|FINANCIAL|4|FLOATING|AT MATURITY|FLOAT RATE NOTE|GLOBAL|US|EUR|SR UNSECURED|2500000000.00|2500000000.00|50000.0000|1000.0000|1000.00|FRANKFURT|100.00000|20060126|20060504|20060203|99.808000|XS0242988177|EF2605303|EUR003M| |.30000|Financial|Banks|GS 0 02/04/13|GLOBAL| | |20100204|COEF2605303|Goldman Sachs Group Inc/The|EUR|EUR|N|N|EUR|GOLDMAN SACHS GROUP INC|Y|20130204|N|N| | | | |XFRA|Diversified Banking Inst|348768| |B0XPPT5|B1N11T2|EUR|20100203|20100203|XS0242988177|FRANKFURT|97.208861|CLEAN| | | | |
XS0242988334|0|87| | | |GOLDMAN SACHS GROUP INC|EUR|XS0242988334| | | | |20060126| |GS| | |20100203|20100203|3.750000|20130204| |GOLDMAN SACHS GROUP INC|GOLDMAN SACHS GP|FINANCIAL|1|FIXED|AT MATURITY|STREET CONVENTION|GLOBAL|US|EUR|SR UNSECURED|1000000000.00|1000000000.00|50000.0000|1000.0000|1000.00|FRANKFURT|100.00000|20060126|20070204|20060203|99.758000|XS0242988334|EF2605501| | | |Financial|Banks|GS 3 3/4 02/04/13|GLOBAL| | |20100204|COEF2605501|Goldman Sachs Group Inc/The|EUR|EUR|N|N|EUR|GOLDMAN SACHS GROUP INC|Y|20130204|N|N| | | | |XFRA|Diversified Banking Inst|348768| |B0XPZJ5| |EUR|20100203|20100203|XS0242988334|FRANKFURT|101.832028|CLEAN| | | | |
XS0252835110|0|87| | | |LEHMAN BROTHERS HOLDINGS|EUR|XS0252835110| | | | |20060424| |LEH| | |20100201|20100201|0|20110504|EMTN|LEHMAN BROTHERS HOLDINGS|LEHMAN BROS HLDG|FINANCIAL|4|DEFAULTED|AT MATURITY|** IN DEFAULT **|EURO MTN|US|EUR|SR UNSECURED|1200000000.00|1103853000.00|50000.0000|1000.0000|1000.00|FRANKFURT|100.00000|20060424|20060804|20060504|99.766000|XS0252835110|EF3799451| | | |Financial|Diversified Finan Serv|LEH 0 05/04/11|EURO MTN| | |20100204|COEF3799451|Lehman Brothers Holdings Inc|EUR|EUR|N|N|EUR|LEHMAN BROTHERS HOLDINGS|Y|20110504|N|N| | | | |XFRA|Finance-Invest Bnkr/Brkr|132368| |B13M957| |EUR|20100201|20100201|XS0252835110|FRANKFURT|17.500000|CLEAN| | | | |
XS0411735300|0|87| | | |NOKIA CORP|EUR|XS0411735300| | | | |20090128| |NOKIA| | |20100203|20100203|5.500000|20140204|EMTN|NOKIA CORP|NOKIA CORP|INDUSTRIAL|1|FIXED|AT MATURITY|STREET CONVENTION|EURO MTN|FI|EUR|SR UNSECURED|1250000000.00|1250000000.00|50000.0000|1000.0000|1000.00|LONDON|100.00000|20090128|20100204|20090204|99.855000|XS0411735300|EH7057639| | | |Communications|Telecommunications|NOKIA 5 1/2 02/04/14|EURO MTN| | |20100204|COEH7057639|Nokia OYJ|EUR|EUR|N|N|EUR|NOKIA CORP|Y|20140204|N|N| | | | |XLON|Wireless Equipment|115790| |B4PMJ23| |EUR|20100203|20100203|XS0411735300|LONDON|109.517604|CLEAN| | | | |
XS0411850075|0|87| | | |KONINKLIJKE KPN NV|EUR|XS0411850075| | | | |20090128| |KPN| | |20100203|20100203|7.500000|20190204|GMTN|KONINKLIJKE KPN NV|KPN NV|TELEPHONE|1|FIXED|AT MATURITY|STREET CONVENTION|EURO MTN|NE|EUR|SR UNSECURED|750000000.00|750000000.00|50000.0000|1000.0000|1000.00|EURONEXT-AMSTER|100.00000|20090128|20100204|20090204|98.889000|XS0411850075|EH7057357| | | |Communications|Telecommunications|KPN 7 1/2 02/04/19|EURO MTN| | |20100204|COEH7057357|Koninklijke KPN NV|EUR|EUR|N|N|EUR|KONINKLIJKE KPN NV|Y|20190204|N|N| | | | |XAMS|Telephone-Integrated|135718| |B4JMMR5| |EUR|20100203|20100203|XS0411850075|EURONEXT-AMSTER|122.755334|CLEAN| | | | |
XS0412107533|0|87| | | |BMW FINANCE NV|EUR|XS0412107533| | | | |20090129| |BMW| | |20100203|20100203|5.250000|20110204|EMTN|BMW FINANCE NV|BMW FINANCE NV|FINANCIAL|1|FIXED|AT MATURITY|STREET CONVENTION|EURO MTN|NE|EUR|COMPANY GUARNT|600000000.00|600000000.00|1000.0000|1000.0000|1000.00|SIX|100.00000|20090129|20100204|20090204| |XS0412107533|EH7064163| |Bayerische Motoren Werke AG| |Financial|Diversified Finan Serv|BMW 5 1/4 02/04/11|EURO MTN| | |20100204|COEH7064163|BMW Finance NV|EUR|EUR|N|N|EUR|BMW FINANCE NV|Y|20110204|N|N| | | | |XSWX|Finance-Auto Loans|197741| |B4STPQ7| |EUR|20100203|20100203|XS0412107533|SIX|103.561367|CLEAN| | | | |
XS0282196954|0|87| | | |VOLKSWAGEN BANK GMBH|EUR|XS0282196954| | | | |20070108| |VW| | |20100203|20100203|.870000|20100205|EMTN|VOLKSWAGEN BANK GMBH|VOLKSWAGEN BANK|FINANCIAL|4|FLOATING|AT MATURITY|FLOAT RATE NOTE|EURO MTN|GE|EUR|SR UNSECURED|1000000000.00|1000000000.00|50000.0000|50000.0000|50000.00|BERLIN|100.00000|20070108|20070507|20070205|99.971000|XS0282196954|EG0965418|EUR003M|Volkswagen Financial Services|.15000|Financial|Diversified Finan Serv|VW 0 02/05/10|EURO MTN| | |20091105|COEG0965418|Volkswagen Bank GmbH|EUR|EUR|N|N|EUR|VOLKSWAGEN BANK GMBH|Y|20100205|N|N| | | | |XBER|Diversified Finan Serv|958828| |B1MQ9B6| |EUR|20100203|20100203|XS0282196954|BERLIN|100.047064|CLEAN| | | | |
XS0285387071|0|87| | | |GE CAPITAL EURO FUNDING|EUR|XS0285387071| | | | |20070126| |GE| | |20100203|20100203|4.125000|20100205|EMTN|GE CAPITAL EURO FUNDING|GE CAP EUR FUND|FINANCIAL|1|FIXED|AT MATURITY|STREET CONVENTION|EURO MTN|IR|EUR|COMPANY GUARNT|1500000000.00|1483248000.00|1000.0000|1000.0000|1000.00|LONDON|100.00000|20070126|20080205|20070206|100.949000|XS0285387071|EG1417161| |GE Capital Shannon| |Financial|Diversified Finan Serv|GE 4 1/8 02/05/10|EURO MTN| | |20090205|COEG1417161|GE Capital European Funding|EUR|EUR|N|N|EUR|GE CAPITAL EURO FUNDING|Y|20100205|N|N| | | | |XLON|Diversified Finan Serv|7978346| |B1PNML5|B1PJZ81|EUR|20100203|20100203|XS0285387071|LONDON|100.007126|CLEAN| | | | |
XS0284756755|0|87| | | |BANQUE FED CRED MUTUEL|EUR|XS0284756755| | | | |20070123| |BFCM| | |20100203|20100203|4.250000|20140205|EMTN|BANQUE FED CRED MUTUEL|BANQ FED CRD MUT|BANK|1|FIXED|AT MATURITY|STREET CONVENTION|EURO MTN|FR|EUR|SR UNSECURED|1000000000.00|1000000000.00|50000.0000|1000.0000|1000.00|FRANKFURT|100.00000|20070123|20080205|20070205|99.532000|XS0284756755|EG1350594| |Groupe Credit Mutuel| |Financial|Banks|BFCM 4 1/4 02/05/14|EURO MTN| | |20100205|COEG1350594|Banque Federative du Credit Mutuel/France|EUR|EUR|N|N|EUR|BANQUE FED CRED MUTUEL|Y|20140205|N|N| | | | |XFRA|Commer Banks Non-US|191054| |B1P87T3|B2QSGD6|EUR|20100203|20100203|XS0284756755|FRANKFURT|104.995121|CLEAN| | | | |
XS0285387071|0|87| | | |GE CAPITAL EURO FUNDING|EUR|XS0285387071| | | | |20070126| |GE| | |20100203|20100203|4.125000|20100205|EMTN|GE CAPITAL EURO FUNDING|GE CAP EUR FUND|FINANCIAL|1|FIXED|AT MATURITY|STREET CONVENTION|EURO MTN|IR|EUR|COMPANY GUARNT|1500000000.00|1483248000.00|1000.0000|1000.0000|1000.00|LONDON|100.00000|20070126|20080205|20070206|100.949000|XS0285387071|EG1417161| |GE Capital Shannon| |Financial|Diversified Finan Serv|GE 4 1/8 02/05/10|EURO MTN| | |20090205|COEG1417161|GE Capital European Funding|EUR|EUR|N|N|EUR|GE CAPITAL EURO FUNDING|Y|20100205|N|N| | | | |XLON|Diversified Finan Serv|7978346| |B1PNML5|B1PJZ81|EUR|20100203|20100203|XS0285387071|LONDON|100.007126|CLEAN| | | | |
END-OF-DATA
TIMEFINISHED=Thu Feb  4 10:29:14 GMT 2010
END-OF-FILE
