START-OF-FILE
RUNDATE=20100217
FIRMNAME=dl781971
HEADER=yes
REPLYFILENAME=coupons_master.out.enc.gz
COLUMNHEADER=yes
DATEFORMAT=yyyymmdd
PROGRAMFLAG=one-shot
SECID=ISIN
SECMASTER=yes
PROGRAMNAME=getdata

START-OF-FIELDS
# Selected user fields
TICKER
LOCAL_LAST_UPDATE
LOCAL_LAST_DATE
CPN
MATURITY
SERIES
NAME
SHORT_NAME
ISSUER_INDUSTRY
CPN_FREQ
CPN_TYP
MTY_TYP
CALC_TYP_DES
MARKET_ISSUE
COUNTRY
COLLAT_TYP
AMT_ISSUED
AMT_OUTSTANDING
MIN_PIECE
MIN_INCREMENT
PAR_AMT
EXCH_CODE
REDEMP_VAL
ANNOUNCE_DT
FIRST_CPN_DT
ISSUE_DT
ISSUE_PX
ID_ISIN
ID_CUSIP
RESET_IDX
PARENT_COMP_NAME
BASIC_SPREAD
INDUSTRY_SECTOR
INDUSTRY_GROUP
SECURITY_DES
SECURITY_TYP
POST_EURO_DAY_CNT_DES
PRE_EURO_DAY_CNT_DES
PREV_CPN_DT
ID_BB_UNIQUE
LONG_COMP_NAME
REDEMP_CRNCY
CPN_CRNCY
STRUCTURED_NOTE
IS_UNIT_TRADED
TRADE_CRNCY
ISSUER
TRADE_STATUS
FINAL_MATURITY
IS_PERPETUAL
EXTENDIBLE
EQY_PRIM_EXCH
EQY_PRIM_EXCH_SHRT
EQY_PRIM_SECURITY_TICKER
EQY_PRIM_SECURITY_PRIM_EXCH
#ID_MIC_PRIM_EXCH
ID_MIC1
INDUSTRY_SUBGROUP
ID_BB_COMPANY
REL_INDEX
ID_SEDOL1
ID_SEDOL2

#Price loader requested fields
CRNCY
LAST_UPDATE
LAST_UPDATE_DT
EXCH_CODE
PX_LAST
PX_DIRTY_CLEAN
PX_VOLUME
PX_OPEN
PX_HIGH
PX_LOW
END-OF-FIELDS


TIMESTARTED=Wed Feb 17 11:06:42 GMT 2010
START-OF-DATA
SECURITIES|ERROR CODE|NUM FLDS|TICKER|LOCAL_LAST_UPDATE|LOCAL_LAST_DATE|CPN|MATURITY|SERIES|NAME|SHORT_NAME|ISSUER_INDUSTRY|CPN_FREQ|CPN_TYP|MTY_TYP|CALC_TYP_DES|MARKET_ISSUE|COUNTRY|COLLAT_TYP|AMT_ISSUED|AMT_OUTSTANDING|MIN_PIECE|MIN_INCREMENT|PAR_AMT|EXCH_CODE|REDEMP_VAL|ANNOUNCE_DT|FIRST_CPN_DT|ISSUE_DT|ISSUE_PX|ID_ISIN|ID_CUSIP|RESET_IDX|PARENT_COMP_NAME|BASIC_SPREAD|INDUSTRY_SECTOR|INDUSTRY_GROUP|SECURITY_DES|SECURITY_TYP|POST_EURO_DAY_CNT_DES|PRE_EURO_DAY_CNT_DES|PREV_CPN_DT|ID_BB_UNIQUE|LONG_COMP_NAME|REDEMP_CRNCY|CPN_CRNCY|STRUCTURED_NOTE|IS_UNIT_TRADED|TRADE_CRNCY|ISSUER|TRADE_STATUS|FINAL_MATURITY|IS_PERPETUAL|EXTENDIBLE|EQY_PRIM_EXCH|EQY_PRIM_EXCH_SHRT|EQY_PRIM_SECURITY_TICKER|EQY_PRIM_SECURITY_PRIM_EXCH|ID_MIC1|INDUSTRY_SUBGROUP|ID_BB_COMPANY|REL_INDEX|ID_SEDOL1|ID_SEDOL2|CRNCY|LAST_UPDATE|LAST_UPDATE_DT|EXCH_CODE|PX_LAST|PX_DIRTY_CLEAN|PX_VOLUME|PX_OPEN|PX_HIGH|PX_LOW|
ES0312298211|0|71|AYTCED| | |3.500000|20120217|EMTN|AYT CEDULAS CAJAS XXII|AYT CEDULAS CAJA|SPECIAL PURPOSE|1|FIXED|AT MATURITY|SPAIN:ANNUAL YIELD|EURO MTN|SP|COVERED|2323000000.00|2323000000.00|100000.0000|100000.0000|100000.00|AIAF|100.00000|20090130|20100217|20090202| |ES0312298211|EH7093352| | | |Financial|Diversified Finan Serv|AYTCED 3 1/2 02/17/12|EURO MTN| | |20100217|COEH7093352|AyT Cedulas Cajas XXII Fondo de Titulizacion de Activos|EUR|EUR|N|N|EUR|AYT CEDULAS CAJAS XXII|Y|20120217|N|N| | | | |XDRF|Special Purpose Entity|15611987| |B4WXJ41| |EUR|N.A.|N.A.|AIAF|N.A.|CLEAN| | | | |
XS0410961014|0|71|POLAND| | |5.875000|20140203| |REPUBLIC OF POLAND|REP OF POLAND|GOVT NATIONAL|1|FIXED|AT MATURITY|STREET CONVENTION|EURO NON-DOLLAR|PD|SR UNSECURED|1750000000.00|1750000000.00|1000.0000|1000.0000|1000.00|DUSSELDORF|100.00000|20090122|20100203|20090202| |XS0410961014|EH7000688| |Republic of Poland| |Government|Sovereign|POLAND 5 7/8 02/03/14|EURO NON-DOLLAR| | |20100203|COEH7000688|Poland Government International Bond|EUR|EUR|N|N|EUR|REPUBLIC OF POLAND|Y|20140203|N|N| | | | |XDUS|Sovereign|311629| |B3LBFN0| |EUR|11:05:30|20100217|DUSSELDORF|108.010000|CLEAN| |108.060000|108.080000|107.850000|
XS0411331803|0|71|SWEDA| | |3.125000|20120202|EMTN|SWEDBANK AB|SWEDBANK AB|BANK|1|FIXED|AT MATURITY|STREET CONVENTION|EURO MTN|SW|GOVT LIQUID GTD|1500000000.00|1500000000.00|50000.0000|1000.0000|1000.00|LONDON|100.00000|20090126|20100202|20090202|99.921000|XS0411331803|EH7028259| | | |Financial|Banks|SWEDA 3 1/8 02/02/12|EURO MTN| | |20100202|COEH7028259|Swedbank AB|EUR|EUR|N|N|EUR|SWEDBANK AB|Y|20120202|N|N| | | | |XLON|Commer Banks Non-US|125259| |B4V0SG8|B4V0CQ6|EUR|20100216|20100216|LONDON|102.969891|CLEAN| | | | |
XS0411863722|0|71|KPN| | |6.250000|20140204|GMTN|KONINKLIJKE KPN NV|KPN NV|TELEPHONE|1|FIXED|AT MATURITY|STREET CONVENTION|EURO MTN|NE|SR UNSECURED|750000000.00|750000000.00|50000.0000|1000.0000|1000.00|EURONEXT-AMSTER|100.00000|20090128|20100204|20090204|99.387000|XS0411863722|EH7057316| | | |Communications|Telecommunications|KPN 6 1/4 02/04/14|EURO MTN| | |20100204|COEH7057316|Koninklijke KPN NV|EUR|EUR|N|N|EUR|KONINKLIJKE KPN NV|Y|20140204|N|N| | | | |XAMS|Telephone-Integrated|135718| |B4JMR25| |EUR|20100216|20100216|EURONEXT-AMSTER|111.909976|CLEAN| | | | |
XS0412107533|0|71|BMW| | |5.250000|20110204|EMTN|BMW FINANCE NV|BMW FINANCE NV|FINANCIAL|1|FIXED|AT MATURITY|STREET CONVENTION|EURO MTN|NE|COMPANY GUARNT|600000000.00|600000000.00|1000.0000|1000.0000|1000.00|SIX|100.00000|20090129|20100204|20090204| |XS0412107533|EH7064163| |Bayerische Motoren Werke AG| |Financial|Diversified Finan Serv|BMW 5 1/4 02/04/11|EURO MTN| | |20100204|COEH7064163|BMW Finance NV|EUR|EUR|N|N|EUR|BMW FINANCE NV|Y|20110204|N|N| | | | |XSWX|Finance-Auto Loans|197741| |B4STPQ7| |EUR|20100216|20100216|SIX|103.536947|CLEAN| | | | |
XS0410258833|0|71|TELEFO| | |5.431000|20140203|EMTN|TELEFONICA EMISIONES SAU|TELEFONICA EMIS|TELEPHONE|1|FIXED|AT MATURITY|STREET CONVENTION|EURO MTN|SP|COMPANY GUARNT|2000000000.00|2000000000.00|50000.0000|50000.0000|50000.00|LONDON|100.00000|20090120|20100203|20090203|100.000000|XS0410258833|EH6970014| |Telefonica SA| |Communications|Telecommunications|TELEFO 5.431 02/03/14|EURO MTN| | |20100203|COEH6970014|Telefonica Emisiones SAU|EUR|EUR|N|N|EUR|TELEFONICA EMISIONES SAU|Y|20140203|N|N| | | | |XLON|Telephone-Integrated|9455620| |B3L8371|B00DF25|EUR|20100216|20100216|LONDON|108.051893|CLEAN| | | | |
XS0411602765|0|71|TOYOTA| | |6.625000|20160203|EMTN|TOYOTA MOTOR CREDIT CORP|TOYOTA MTR CRED|FINANCIAL|1|FIXED|AT MATURITY|STREET CONVENTION|EURO MTN|US|SR UNSECURED|1250000000.00|1250000000.00|1000.0000|1000.0000|1000.00|LONDON|100.00000|20090127|20100203|20090203|101.174000|XS0411602765|EH7043787| |Toyota Financial Services Amer| |Financial|Diversified Finan Serv|TOYOTA 6 5/8 02/03/16|EURO MTN| | |20100203|COEH7043787|Toyota Motor Credit Corp|EUR|EUR|N|N|EUR|TOYOTA MOTOR CREDIT CORP|Y|20160203|N|N| | | | |XLON|Finance-Auto Loans|159329| |B48B5K7|B00DF36|EUR|20100216|20100216|LONDON|116.405503|CLEAN| | | | |
DE000CB899M6|0|71|CMZB| | |5.000000|20140206|EMTN|COMMERZBANK AG|COMMERZBANK AG|BANK|1|FIXED|AT MATURITY|STREET CONVENTION|EURO MTN|GE|SR UNSECURED|1500000000.00|1500000000.00|1000.0000|1000.0000|1000.00|FRANKFURT|100.00000|20090130|20100206|20090206|99.555000|DE000CB899M6|EH7079450| | | |Financial|Banks|CMZB 5 02/06/14|EURO MTN| | |20100206|COEH7079450|Commerzbank AG|EUR|EUR|N|N|EUR|COMMERZBANK AG|Y|20140206|N|N| | | | |XFRA|Commer Banks Non-US|115684| |B4W8RX1| |EUR|20100216|20100216|FRANKFURT|107.678855|CLEAN| | | | |
XS0412327818|0|71|NBHSS| | |2.375000|20100906|EMTN|NORDEA BANK DANMARK A/S|NORDEA BANK A/S|BANK|1|FIXED|AT MATURITY|STREET CONVENTION|EURO MTN|DE|GOVT LIQUID GTD|1500000000.00|1500000000.00|50000.0000|1000.0000|1000.00|FRANKFURT|100.00000|20090130|20090906|20090206|99.860000|XS0412327818|EH7083379| |Nordea Bank AB| |Financial|Banks|NBHSS 2 3/8 09/06/10|EURO MTN| | |20090906|COEH7083379|Nordea Bank Danmark A/S|EUR|EUR|N|N|EUR|NORDEA BANK DANMARK A/S|Y|20100906|N|N| | | | |XFRA|Commer Banks Non-US|191090| |B4W7YV5| |EUR|20100216|20100216|FRANKFURT|100.820460|CLEAN| | | | |
ES0514950V05|10|71| | | | | | | | | | | | | | | | | | | | | | | | | | | | | | | | | | | | | | | | | | | | | | | | | | | | | | | | | | | | | | | | | | | | | | | |
XS0412154378|0|71|BASGR| | |5.125000|20150609|EMTN|BASF FINANCE EUROPE NV|BASF FIN EUROPNV|INDUSTRIAL|1|FIXED|AT MATURITY|STREET CONVENTION|EURO MTN|NE|COMPANY GUARNT|2000000000.00|2000000000.00|50000.0000|50000.0000|50000.00|MUNICH|100.00000|20090129|20090609|20090209|99.359000|XS0412154378|EH7069246| |BASF SE| |Basic Materials|Chemicals|BASGR 5 1/8 06/09/15|EURO MTN| | |20090609|COEH7069246|BASF Finance Europe NV|EUR|EUR|N|N|EUR|BASF FINANCE EUROPE NV|Y|20150609|N|N| | | | |XMUN|Chemicals-Diversified|911730| |B4SYWX8|B55K388|EUR|20100216|20100216|MUNICH|109.929807|CLEAN| | | | |
XS0412443052|0|71|VW| | |7.000000|20160209|EMTN|VOLKSWAGEN INTL FIN NV|VOLKSWAGEN INTFN|FINANCIAL|1|FIXED|AT MATURITY|STREET CONVENTION|EURO MTN|NE|COMPANY GUARNT|1000000000.00|1000000000.00|1000.0000|1000.0000|1000.00|ALL GERMAN SE|100.00000|20090130|20100209|20090209| |XS0412443052|EH7084971| |Volkswagen AG| |Financial|Diversified Finan Serv|VW 7 02/09/16|EURO MTN| | |20100209|COEH7084971|Volkswagen International Finance NV|EUR|EUR|N|N|EUR|VOLKSWAGEN INTL FIN NV|Y|20160209|N|N| | | | |YYYY|Finance-Auto Loans|224503| |B4V0TY3| |EUR|20100216|20100216|ALL GERMAN SE|117.370959|CLEAN| | | | |
XS0412842428|0|71|RWE| | |5.000000|20150210|EMTN|RWE FINANCE BV|RWE FINANCE BV|UTILITY - ELEC|1|FIXED|AT MATURITY|STREET CONVENTION|EURO MTN|NE|COMPANY GUARNT|2000000000.00|2000000000.00|1000.0000|1000.0000|1000.00|ALL GERMAN SE|100.00000|20090203|20100210|20090210|99.293000|XS0412842428|EH7120528| |RWE AG| |Utilities|Electric|RWE 5 02/10/15|EURO MTN| | |20100210|COEH7120528|RWE Finance BV|EUR|EUR|N|N|EUR|RWE FINANCE BV|Y|20150210|N|N| | | | |YYYY|Electric-Integrated|7284414| |B4WWM05| |EUR|20100216|20100216|ALL GERMAN SE|108.968182|CLEAN| | | | |
ES00000121L2|0|71|SPGB| | |4.600000|20190730| |BONOS Y OBLIG DEL ESTADO|SPANISH GOV'T|GOVT NATIONAL|1|FIXED|AT MATURITY|SPAIN:GOVT BONDS|EURO-ZONE|SP|SR UNSUB|12665200000|12665200000|1000.0000|1000.0000|1000.00|MADRID|100.00000|20090203|20090730|20090210| |ES00000121L2|EH7111402| |Kingdom of Spain| |Government|Sovereign|SPGB 4.6 07/30/19|EURO-ZONE| | |20090730|COEH7111402|Spain Government Bond|EUR|EUR|N|N|EUR|BONOS Y OBLIG DEL ESTADO|Y|20190730|N|N| | | | |XMAD|Sovereign|218013| |B4W9FW9| |EUR|11:05:30|20100217|MADRID|105.480000|CLEAN| |105.420000|105.570000|105.380000|
XS0412842428|0|71|RWE| | |5.000000|20150210|EMTN|RWE FINANCE BV|RWE FINANCE BV|UTILITY - ELEC|1|FIXED|AT MATURITY|STREET CONVENTION|EURO MTN|NE|COMPANY GUARNT|2000000000.00|2000000000.00|1000.0000|1000.0000|1000.00|ALL GERMAN SE|100.00000|20090203|20100210|20090210|99.293000|XS0412842428|EH7120528| |RWE AG| |Utilities|Electric|RWE 5 02/10/15|EURO MTN| | |20100210|COEH7120528|RWE Finance BV|EUR|EUR|N|N|EUR|RWE FINANCE BV|Y|20150210|N|N| | | | |YYYY|Electric-Integrated|7284414| |B4WWM05| |EUR|20100216|20100216|ALL GERMAN SE|108.968182|CLEAN| | | | |
ES0544580FN6|10|71| | | | | | | | | | | | | | | | | | | | | | | | | | | | | | | | | | | | | | | | | | | | | | | | | | | | | | | | | | | | | | | | | | | | | | | |
NL0009086115|0|71|NETHER| | |4.000000|20190715| |NETHERLANDS GOVERNMENT|NETHERLANDS GOVT|GOVT NATIONAL|1|FIXED|AT MATURITY|STREET CONVENTION|EURO-ZONE|NE|BONDS|13006398000|13006398000|1.0000|1.0000|1.00|EURONEXT-AMSTER|100.00000|20090122|20090715|20090213|99.070000|NL0009086115|EH6998361| |Kingdom of the Netherlands| |Government|Sovereign|NETHER 4 07/15/19|EURO-ZONE| | |20090715|COEH6998361|Netherlands Government Bond|EUR|EUR|N|N|EUR|NETHERLANDS GOVERNMENT|Y|20190715|N|N| | | | |XAMS|Sovereign|311604| |B4YDZT6| |EUR|11:06:30|20100217|EURONEXT-AMSTER|105.000000|CLEAN| |105.000000|105.090000|104.960000|
ES0414950768|0|71|CAJAMM| | |3.500000|20120217| |CAJA MADRID|CAJA MADRID|BANK|1|FIXED|AT MATURITY|STREET CONVENTION|EURO-ZONE|SP|COVERED|532900000.00|532900000.00|100000.0000|100000.0000|100000.00|AIAF|100.00000|20090217|20100217|20090217|99.891000|ES0414950768|EI0824603| | | |Financial|Banks|CAJAMM 3 1/2 02/17/12|EURO-ZONE| | |20100217|COEI0824603|Caja de Ahorros y Monte de Piedad de Madrid|EUR|EUR|N|N|EUR|CAJA MADRID|Y|20120217|N|N| | | | |XDRF|Commer Banks Non-US|179820| |B606RD1| |EUR|11:06:45|20100217|AIAF|102.737020|CLEAN| | | | |
GR0110021236|0|71|GGB| | |4.300000|20120320| |HELLENIC REPUBLIC|HELLENIC REPUBLI|GOVT NATIONAL|1|FIXED|AT MATURITY|GREEK GOVT BNDS|EURO-ZONE|GR|BONDS|14500000000|14500000000|1000.0000|1000.0000|1000.00|ATHENS|100.00000|20090210|20100320|20090217|99.757000|GR0110021236|EH7200148| |Hellenic Republic| |Government|Sovereign|GGB 4.3 03/20/12|EURO-ZONE| | |20090217|COEH7200148|Hellenic Republic Government Bond|EUR|EUR|N|N|EUR|HELLENIC REPUBLIC|Y|20120320|N|N| | | | |XATH|Sovereign|311526| |B5066Z9| |EUR|11:00:00|20100217|ATHENS|98.000000|CLEAN| |97.750000|98.000000|97.740000|
XS0413494500|0|71|IMTLN| | |8.375000|20160217|EMTN|IMPERIAL TOBACCO FINANCE|IMP TOBACCO FIN|INDUSTRIAL|1|FIXED|CALLABLE|STREET CONVENTION|EURO MTN|EN|COMPANY GUARNT|1500000000.00|1500000000.00|50000.0000|1000.0000|1000.00|LONDON|100.00000|20090210|20100217|20090217|99.856000|XS0413494500|EH7207382| |Imperial Tobacco Ltd| |Consumer, Non-cyclical|Agriculture|IMTLN 8 3/8 02/17/16|EURO MTN| | |20100217|COEH7207382|Imperial Tobacco Finance PLC|EUR|EUR|N|N|EUR|IMPERIAL TOBACCO FINANCE|Y|20160217|N|N| | | | |XLON|Tobacco|300895| |B506723| |EUR|20100216|20100216|LONDON|121.400495|CLEAN| | | | |
ES0314950454|0|71|CAJAMM| | |3.125000|20120220| |CAJA MADRID|CAJA MADRID|BANK|1|FIXED|AT MATURITY|STREET CONVENTION|EURO-ZONE|SP|GOVT LIQUID GTD|2000000000.00|2000000000.00|50000.0000|50000.0000|50000.00|AIAF|100.00000|20090211|20100220|20090220|99.673000|ES0314950454|EH7214438| | | |Financial|Banks|CAJAMM 3 1/8 02/20/12|EURO-ZONE| | |20100220|COEH7214438|Caja de Ahorros y Monte de Piedad de Madrid|EUR|EUR|N|N|EUR|CAJA MADRID|Y|20120220|N|N| | | | |XDRF|Commer Banks Non-US|179820| |B523Z95| |EUR|20100216|20100216|AIAF|102.012438|CLEAN| | | | |
PTCG1LOM0007|0|71|CXGD| | |5.125000|20140219|EMTN|CAIXA GERAL DE DEPOSITOS|CAIXA GERAL DEPO|BANK|1|FIXED|AT MATURITY|STREET CONVENTION|EURO MTN|PO|SR UNSECURED|1250000000.00|1250000000.00|50000.0000|50000.0000|50000.00|FRANKFURT|100.00000|20090210|20100219|20090219| |PTCG1LOM0007|EH7206467| | | |Financial|Banks|CXGD 5 1/8 02/19/14|EURO MTN| | |20100219|COEH7206467|Caixa Geral de Depositos SA|EUR|EUR|N|N|EUR|CAIXA GERAL DE DEPOSITOS|Y|20140219|N|N| | | | |XFRA|Commer Banks Non-US|153201| |B523ZT5| |EUR|20100216|20100216|FRANKFURT|103.976271|CLEAN| | | | |
ES0313790000|0|71|POPSM| | |3.000000|20120223| |BANCO POPULAR ESPANOL|BANCO POP ESPAN|BANK|1|FIXED|AT MATURITY|STREET CONVENTION|EURO-ZONE|SP|GOVT LIQUID GTD|1500000000.00|1500000000.00|50000.0000|50000.0000|50000.00|AIAF|100.00000|20090216|20100223|20090223| |ES0313790000|EH7265232| | | |Financial|Banks|POPSM 3 02/23/12|EURO-ZONE| | |20090223|COEH7265232|Banco Popular Espanol SA|EUR|EUR|N|N|EUR|BANCO POPULAR ESPANOL|Y|20120223|N|N| | | | |XDRF|Commer Banks Non-US|115712| |B55N7M9| |EUR|20100216|20100216|AIAF|101.830132|CLEAN| | | | |
ES0L01002192|0|71|SGLT| | |0|20100219| |SPAIN LETRAS DEL TESORO|LETRAS|GOVT NATIONAL| |ZERO COUPON|AT MATURITY|SPANISH T-BILLS|EURO-ZONE|SP|BILLS|11704800000|11704800000|1000.0000|1000.0000|1000.00|MADRID|100.00000|20090216| |20090217| |ES0L01002192|EH7267196| |Kingdom of Spain| |Government|Sovereign|SGLT 0 02/19/10|EURO-ZONE| | | |COEH7267196|Spain Letras del Tesoro|EUR|EUR|N|N|EUR|SPAIN LETRAS DEL TESORO|Y|20100219|N|N| | | | |XMAD|Sovereign|311682| |B4JSGW6| |EUR|11:00:00|20100217|MADRID|100.000000|CLEAN| |100.000000|100.000000|100.000000|
XS0414704451|0|71|VALMUN| | |3.875000|20120224|EMTN|GENERALITAT DE VALENCIA|GENERAL VALENCIA|GOVT REGIONAL|1|FIXED|AT MATURITY|STREET CONVENTION|EURO MTN|SP|SR UNSECURED|500000000.00|500000000.00|50000.0000|50000.0000|50000.00|FRANKFURT|100.00000|20090218|20100224|20090224| |XS0414704451|EH7302738| | | |Government|Municipal|VALMUN 3 7/8 02/24/12|EURO MTN| | |20090224|COEH7302738|Autonomous Community of Valencia|EUR|EUR|N|N|EUR|GENERALITAT DE VALENCIA|Y|20120224|N|N| | | | |XFRA|Municipal-County|219102| |B57H9K1| |EUR|11:06:45|20100217|FRANKFURT|102.936170|CLEAN| | | | |
XS0414662196|0|71|SFEFR| | |2.000000|20110225|REGS|SFEF|SFEF|GOVT AGENCY|2|FIXED|AT MATURITY|STREET CONVENTION|EURO-DOLLAR|FR|GOVT LIQUID GTD|5500000000.00|5500000000.00|100000.0000|1000.0000|1000.00|EURONEXT-PARIS|100.00000|20090218|20090825|20090225| |XS0414662196|EH7219510| | | |Government|Sovereign|SFEFR 2 02/25/11|EURO-DOLLAR| | |20090825|COEH7219510|Societe Financement de l'Economie Francaise|USD|USD|N|N|USD|SFEF|Y|20110225|N|N| | | | |XPAR|Sovereign Agency|15319133| |B57HGF5| |USD|11:00:00|20100217|EURONEXT-PARIS|101.480000|CLEAN| |101.510000|101.550000|101.470000|
FR0115500714|0|71|BTF| | |0|20091022| |FRENCH DISCOUNT T-BILL|BTF|GOVT NATIONAL| |ZERO COUPON|AT MATURITY|FRANCE:CD/INT@MTY|EURO-ZONE|FR|BILLS|9350000000.00|.00|1.0000|1.0000|1.00|MTS FRANCE|100.00000|20090219| |20090226| |FR0115500714|EH7312026| |French Republic| |Government|Sovereign|BTF 0 10/22/09|EURO-ZONE| | | |COEH7312026|France Treasury Bill BTF|EUR|EUR|N|N|EUR|FRENCH DISCOUNT T-BILL|N|20091022|N|N| | | | |FMTS|Sovereign|311511| |B3XPZ96| |EUR|20091021|20091021|MTS FRANCE| |CLEAN| | | | |
XS0414313691|0|71|TOTAL| | |3.500000|20140227|EMTN|TOTAL CAPITAL SA|TOTAL CAPITAL|GAS TRANSMISSION|1|FIXED|AT MATURITY|STREET CONVENTION|EURO MTN|FR|COMPANY GUARNT|1150000000.00|1150000000.00|1000.0000|1000.0000|1000.00|MUNICH|100.00000|20090217|20100227|20090227|101.225000|XS0414313691|EH7283284| |Total SA| |Energy|Oil&Gas|TOTAL 3 1/2 02/27/14|EURO MTN| | |20090227|COEH7283284|Total Capital SA|EUR|EUR|N|N|EUR|TOTAL CAPITAL SA|Y|20140227|N|N| | | | |XMUN|Oil Comp-Integrated|1491119| |B55SBP5| |EUR|20100216|20100216|MUNICH|104.375449|CLEAN| | | | |
US912828KE99|0|71|T| | |.875000|20110228| |US TREASURY N/B|US TREASURY N/B|USGN|2|FIXED|NORMAL|STREET CONVENTION|US GOVT|US| |42145000000|42145000000|100|100|100| |100.00000| |20090831|20090302|99.830481|US912828KE99|912828KE9| |United States of America| |Government|Sovereign|T 0 7/8 02/28/11|US GOVERNMENT| | |20090831|GV912828KE9|United States Treasury Note/Bond|USD|USD| |N|USD|US TREASURY N/B|Y|20110228| | | | | | | |Sovereign|349063| |B57HTT0| |USD|11:00:01|20100217| |100.531250|CLEAN| |100.546875|100.546875|100.531250|
IT0004513641|0|71|BTPS| | |5.000000|20250301| |BUONI POLIENNALI DEL TES|BTPS|GOVT NATIONAL|2|FIXED|AT MATURITY|ITALY:TRSY BONDS|EURO-ZONE|IT|SR UNSECURED|12200000000|12200000000|1000.0000|1000.0000|1000.00|MILAN|100.00000|20090707|20090901|20090715|99.014000|IT0004513641|EH8960682| |Italian Republic| |Government|Sovereign|BTPS 5 03/01/25|EURO-ZONE| | |20090901|COEH8960682|Italy Buoni Poliennali Del Tesoro|EUR|EUR|N|N|EUR|BUONI POLIENNALI DEL TES|Y|20250301|N|N| | | | |MTAA|Sovereign|311546| |B66W7L1| |EUR|11:06:31|20100217|MILAN|105.480000|CLEAN| |105.510000|105.670000|105.440000|
ES0313770077|0|71|PASTOR| | |3.000000|20120302| |BANCO PASTOR|BANCO PASTOR|BANK|1|FIXED|AT MATURITY|STREET CONVENTION|EURO-ZONE|SP|GOVT LIQUID GTD|1000000000.00|1000000000.00|50000.0000|50000.0000|50000.00|AIAF|100.00000|20090220|20100302|20090302| |ES0313770077|EH7333998| | | |Financial|Banks|PASTOR 3 03/02/12|EURO-ZONE| | |20090302|COEH7333998|Banco Pastor SA|EUR|EUR|N|N|EUR|BANCO PASTOR|Y|20120302|N|N| | | | |XDRF|Commer Banks Non-US|127040| |B5S94Q7| |EUR|20100216|20100216|AIAF|101.819502|CLEAN| | | | |
US912828KF64|0|71|T| | |1.875000|20140228| |US TREASURY N/B|US TREASURY N/B|USGN|2|FIXED|NORMAL|STREET CONVENTION|US GOVT|US| |33714000000|33714000000|100|100|100| |100.00000| |20090831|20090302|99.479306|US912828KF64|912828KF6| |United States of America| |Government|Sovereign|T 1 7/8 02/28/14|US GOVERNMENT| | |20090831|GV912828KF6|United States Treasury Note/Bond|USD|USD| |N|USD|US TREASURY N/B|Y|20140228| | | | | | | |Sovereign|349063| |B57HXL0| |USD|11:00:01|20100217| |99.906250|CLEAN| |100.015625|100.015625|99.906250|
PTOTEMOE0027|0|71|PGB| | |4.750000|20190614| |OBRIGACOES DO TESOURO|PORTUGUESE OT'S|GOVT NATIONAL|1|FIXED|AT MATURITY|PORTUGAL-DOM. SETL|EURO-ZONE|PO|BONDS|6862000000.00|6862000000.00|.0100|.0100|.01|MTS PORTUGAL|100.00000|20090224|20090614|20090303|99.966000|PTOTEMOE0027|EH7366998| |Portuguese Republic| |Government|Sovereign|PGB 4 3/4 06/14/19|EURO-ZONE| | |20090614|COEH7366998|Portugal Obrigacoes do Tesouro OT|EUR|EUR|N|N|EUR|OBRIGACOES DO TESOURO|Y|20190614|N|N| | | | |MDIP|Sovereign|311634| |B5KL5Q8| |EUR|11:06:31|20100217|MTS PORTUGAL|102.410000|CLEAN| |102.310000|102.420000|102.260000|
XS0415108892|0|71|IBESM| | |4.875000|20140304|EMTN|IBERDROLA FINANZAS SAU|IBERDROLA FIN SA|UTILITY - ELEC|1|FIXED|AT MATURITY|STREET CONVENTION|EURO MTN|SP|COMPANY GUARNT|1500000000.00|1500000000.00|50000.0000|50000.0000|50000.00|DUSSELDORF|100.00000|20090220|20100304|20090304| |XS0415108892|EH7336876| |Iberdrola SA| |Utilities|Electric|IBESM 4 7/8 03/04/14|EURO MTN| | |20090304|COEH7336876|Iberdrola Finanzas SAU|EUR|EUR|N|N|EUR|IBERDROLA FINANZAS SAU|Y|20140304|N|N| | | | |XDUS|Electric-Integrated|9636004| |B5BVHL6| |EUR|20100216|20100216|DUSSELDORF|106.577560|CLEAN| | | | |
ES0000101339|0|71|MADRID| | |4.305000|20140306|EMTN|COMUNIDAD DE MADRID|COMUNIDAD MADRID|GOVT REGIONAL|1|FIXED|AT MATURITY|STREET CONVENTION|EURO MTN|SP|NOTES|350000000.00|350000000.00|1000.0000|1000.0000|1000.00|MADRID|100.00000|20090225|20100306|20090306| |ES0000101339|EH7383886| | | |Government|Municipal|MADRID 4.305 03/06/14|EURO MTN| | |20090306|COEH7383886|Autonomous Community of Madrid Spain|EUR|EUR|N|N|EUR|COMUNIDAD DE MADRID|Y|20140306|N|N| | | | |XMAD|Municipal-County|388277| |B60SLZ7| |EUR|11:06:46|20100217|MADRID|107.898246|CLEAN| | | | |
ES0314840168|0|71|CAIXAC| | |3.000000|20120305| |CAIXA ESTALVIS CATALUNYA|CAIXA CATALUNYA|BANK|1|FIXED|AT MATURITY|STREET CONVENTION|EURO-ZONE|SP|GOVT LIQUID GTD|1500000000.00|1500000000.00|50000.0000|50000.0000|50000.00|AIAF|100.00000|20090226|20100305|20090305|99.673000|ES0314840168|EH7395690| | | |Financial|Banks|CAIXAC 3 03/05/12|EURO-ZONE| | |20090305|COEH7395690|Caixa d'Estalvis de Catalunya|EUR|EUR|N|N|EUR|CAIXA ESTALVIS CATALUNYA|Y|20120305|N|N| | | | |XDRF|Commer Banks Non-US|180815| |B60STV9| |EUR|20100216|20100216|AIAF|101.820306|CLEAN| | | | |
FR0010734244|0|71|SFEFR| | |2.375000|20120310|EMTn|SFEF|SFEF|GOVT AGENCY|1|FIXED|AT MATURITY|STREET CONVENTION|EURO MTN|FR|GOVT LIQUID GTD|6000000000.00|6000000000.00|1000.0000|1000.0000|1000.00|EURONEXT-PARIS|100.00000|20090303|20100310|20090310|99.863000|FR0010734244|EH7453531| | | |Government|Sovereign|SFEFR 2 3/8 03/10/12|EURO MTN| | |20090310|COEH7453531|Societe Financement de l'Economie Francaise|EUR|EUR|N|N|EUR|SFEF|Y|20120310|N|N| | | | |XPAR|Sovereign Agency|15319133| |B6265Z7| |EUR|20100216|20100216|EURONEXT-PARIS|102.145879|CLEAN| | | | |
ES0000101339|0|71|MADRID| | |4.305000|20140306|EMTN|COMUNIDAD DE MADRID|COMUNIDAD MADRID|GOVT REGIONAL|1|FIXED|AT MATURITY|STREET CONVENTION|EURO MTN|SP|NOTES|350000000.00|350000000.00|1000.0000|1000.0000|1000.00|MADRID|100.00000|20090225|20100306|20090306| |ES0000101339|EH7383886| | | |Government|Municipal|MADRID 4.305 03/06/14|EURO MTN| | |20090306|COEH7383886|Autonomous Community of Madrid Spain|EUR|EUR|N|N|EUR|COMUNIDAD DE MADRID|Y|20140306|N|N| | | | |XMAD|Municipal-County|388277| |B60SLZ7| |EUR|11:06:46|20100217|MADRID|107.898246|CLEAN| | | | |
GR0124031650|0|71|GGB| | |6.000000|20190719|10YR|HELLENIC REPUBLIC|HELLENIC REPUBLI|GOVT NATIONAL|1|FIXED|AT MATURITY|GREEK GOVT BNDS|EURO-ZONE|GR|SR UNSECURED|15500000000|15500000000|1000.0000|1000.0000|1000.00|ATHENS|100.00000|20090303|20100719|20090311|98.929000|GR0124031650|EH7465345| |Hellenic Republic| |Government|Sovereign|GGB 6 07/19/19|EURO-ZONE| | |20090311|COEH7465345|Hellenic Republic Government Bond|EUR|EUR|N|N|EUR|HELLENIC REPUBLIC|Y|20190719|N|N| | | | |XATH|Sovereign|311526| |B626C90| |EUR|11:05:30|20100217|ATHENS|97.730000|CLEAN| |97.150000|97.730000|97.020000|
XS0416848363|0|71|STOIL| | |4.375000|20150311|EMTN|STATOIL ASA|STATOILHYDRO ASA|INDUSTRIAL|1|FIXED|AT MATURITY|SPLIT AI BONDS|EURO MTN|NO|COMPANY GUARNT|1300000000.00|1300000000.00|50000.0000|1000.0000|1000.00|LONDON|100.00000|20090304|20100311|20090311|99.705000|XS0416848363|EH7470303| | | |Energy|Oil&Gas|STOIL 4 3/8 03/11/15|EURO MTN| | |20090311|COEH7470303|Statoil ASA|EUR|EUR|N|N|EUR|STATOIL ASA|Y|20150311|N|N| | | | |XLON|Oil Comp-Integrated|182074| |B626K18| |EUR|20100216|20100216|LONDON|106.722050|CLEAN| | | | |
END-OF-DATA
TIMEFINISHED=Wed Feb 17 11:06:46 GMT 2010
END-OF-FILE
